<?xml version="1.0" encoding="UTF-8"?>
<!-- Generated by org.testng.reporters.JUnitXMLReporter -->
<testsuite ignored="1" hostname="DESKTOP-M369272" failures="1" tests="2" name="Test" time="12.107" errors="0" timestamp="2021-01-25T17:02:02 PST">
  <testcase classname="testTestCases.LoginTest" name="Login" time="1.227"/>
  <testcase classname="testTestCases.addCustomer" name="AddCustomer" time="0.838">
    <failure type="java.lang.AssertionError" message="not added">
      <![CDATA[java.lang.AssertionError: not added
at org.junit.Assert.fail(Assert.java:88)
at testTestCases.addCustomer.AddCustomer(addCustomer.java:28)
at java.base/java.util.ArrayList.forEach(ArrayList.java:1511)
... Removed 27 stack frames]]>
    </failure>
  </testcase> <!-- AddCustomer -->
  <testcase classname="testBase.TestBase" name="@BeforeTest setup" time="0.0">
    <ignored/>
  </testcase> <!-- @BeforeTest setup -->
</testsuite> <!-- Test -->
