<?xml version="1.0" encoding="UTF-8"?>
<testsuite name="TestSuite" time="3.736" tests="4" errors="0" skipped="0" failures="0">
  <properties>
[...]
</properties>
  <testcase name="Login" classname="testTestCases.LoginTest" time="2.669"/>
  <testcase name="addCustomer" classname="testTestCases.AddCustomer" time="0.363"/>
  <testcase name="addCustomer" classname="testTestCases.AddCustomer" time="0.226"/>
  <testcase name="openAccount" classname="testTestCases.OpenAccount" time="0.704"/>
</testsuite>