<?xml version="1.0" encoding="UTF-8"?>
<testng-results ignored="0" total="4" passed="4" failed="0" skipped="0">
  <reporter-output>
    <line>
      <![CDATA[Login successful]]>
    </line>
    <line>
      <![CDATA[CustomerAdded success]]>
    </line>
    <line>
      <![CDATA[CustomerAdded success]]>
    </line>
  </reporter-output>
  <suite started-at="2021-02-02T12:31:18 PST" name="Suite" finished-at="2021-02-02T12:31:25 PST" duration-ms="6424">
    <groups>
    </groups>
    <test started-at="2021-02-02T12:31:18 PST" name="Test" finished-at="2021-02-02T12:31:22 PST" duration-ms="3525">
      <class name="testTestCases.LoginTest">
        <test-method signature="Login()[pri:0, instance:testTestCases.LoginTest@45d2ade3]" started-at="2021-02-02T12:31:19 PST" name="Login" finished-at="2021-02-02T12:31:21 PST" duration-ms="2668" status="PASS">
          <reporter-output>
            <line>
              <![CDATA[Login successful]]>
            </line>
          </reporter-output>
        </test-method> <!-- Login -->
      </class> <!-- testTestCases.LoginTest -->
    </test> <!-- Test -->
    <test started-at="2021-02-02T12:31:22 PST" name="Test2" finished-at="2021-02-02T12:31:23 PST" duration-ms="1542">
      <class name="testTestCases.AddCustomer">
        <test-method signature="addCustomer(java.lang.String, java.lang.String, java.lang.String, java.lang.String)[pri:0, instance:testTestCases.AddCustomer@176b75f7]" started-at="2021-02-02T12:31:22 PST" name="addCustomer" data-provider="dp" finished-at="2021-02-02T12:31:22 PST" duration-ms="361" status="PASS">
          <params>
            <param index="0">
              <value>
                <![CDATA[ramya]]>
              </value>
            </param>
            <param index="1">
              <value>
                <![CDATA[test]]>
              </value>
            </param>
            <param index="2">
              <value>
                <![CDATA[23.0]]>
              </value>
            </param>
            <param index="3">
              <value>
                <![CDATA[Customer added successfully with customer id]]>
              </value>
            </param>
          </params>
          <reporter-output>
            <line>
              <![CDATA[CustomerAdded success]]>
            </line>
          </reporter-output>
        </test-method> <!-- addCustomer -->
        <test-method signature="addCustomer(java.lang.String, java.lang.String, java.lang.String, java.lang.String)[pri:0, instance:testTestCases.AddCustomer@176b75f7]" started-at="2021-02-02T12:31:23 PST" name="addCustomer" data-provider="dp" finished-at="2021-02-02T12:31:23 PST" duration-ms="225" status="PASS">
          <params>
            <param index="0">
              <value>
                <![CDATA[test]]>
              </value>
            </param>
            <param index="1">
              <value>
                <![CDATA[gggg]]>
              </value>
            </param>
            <param index="2">
              <value>
                <![CDATA[66.0]]>
              </value>
            </param>
            <param index="3">
              <value>
                <![CDATA[Customer added successfully with customer id]]>
              </value>
            </param>
          </params>
          <reporter-output>
            <line>
              <![CDATA[CustomerAdded success]]>
            </line>
          </reporter-output>
        </test-method> <!-- addCustomer -->
      </class> <!-- testTestCases.AddCustomer -->
    </test> <!-- Test2 -->
    <test started-at="2021-02-02T12:31:23 PST" name="Test3" finished-at="2021-02-02T12:31:25 PST" duration-ms="1332">
      <class name="testTestCases.OpenAccount">
        <test-method is-config="true" signature="setup()[pri:0, instance:testTestCases.OpenAccount@7d286fb6]" started-at="2021-02-02T12:31:09 PST" name="setup" finished-at="2021-02-02T12:31:18 PST" duration-ms="9034" status="PASS">
          <reporter-output>
          </reporter-output>
        </test-method> <!-- setup -->
        <test-method signature="openAccount(java.lang.String, java.lang.String)[pri:0, instance:testTestCases.OpenAccount@7d286fb6]" started-at="2021-02-02T12:31:23 PST" name="openAccount" data-provider="dp" finished-at="2021-02-02T12:31:24 PST" duration-ms="705" status="PASS">
          <params>
            <param index="0">
              <value>
                <![CDATA[Harry Potter]]>
              </value>
            </param>
            <param index="1">
              <value>
                <![CDATA[Dollar]]>
              </value>
            </param>
          </params>
          <reporter-output>
          </reporter-output>
        </test-method> <!-- openAccount -->
      </class> <!-- testTestCases.OpenAccount -->
    </test> <!-- Test3 -->
  </suite> <!-- Suite -->
</testng-results>
